2025-11-25 19:05:49,314 - binance_bot - INFO - Binance Client initialized successfully.
2025-11-25 19:05:49,315 - binance_bot - INFO - Placing MARKET BUY order for 0.001 BTCUSDT...
2025-11-25 19:05:49,730 - binance_bot - ERROR - Binance API Error: APIError(code=-2015): Invalid API-key, IP, or permissions for action
2025-11-25 19:12:36,599 - binance_bot - INFO - Binance Client initialized successfully.
2025-11-25 19:12:36,599 - binance_bot - INFO - Placing MARKET BUY order for 0.001 BTCUSDT...
2025-11-25 19:12:36,735 - binance_bot - ERROR - Binance API Error: APIError(code=-2015): Invalid API-key, IP, or permissions for action.
2025-11-25 19:12:56,861 - binance_bot - INFO - Binance Client initialized successfully.
2025-11-25 19:13:17,832 - binance_bot - INFO - Binance Client initialized successfully.
2025-11-25 19:13:27,259 - binance_bot - INFO - Binance Client initialized successfully.
2025-11-25 19:13:27,260 - binance_bot - INFO - Placing MARKET BUY order for 0.001 BTCUSDT...
2025-11-25 19:13:27,397 - binance_bot - INFO - Order placed successfully: {'symbol': 'BTCUSDT', 'orderId': 3910043, 'orderListId': -1, 'clientOrderId': 'x-HNA2TXFJ14091eb60734ec8bf12279', 'transactTime': 1764078209486, 'price': '0.00000000', 'origQty': '0.00100000', 'executedQty': '0.00100000', 'origQuoteOrderQty': '0.00000000', 'cummulativeQuoteQty': '87.15100000', 'status': 'FILLED', 'timeInForce': 'GTC', 'type': 'MARKET', 'side': 'BUY', 'workingTime': 1764078209486, 'fills': [{'price': '87151.00000000', 'qty': '0.00100000', 'commission': '0.00000000', 'commissionAsset': 'BTC', 'tradeId': 1462102}], 'selfTradePreventionMode': 'EXPIRE_MAKER'}
2025-11-25 19:13:38,072 - binance_bot - INFO - Binance Client initialized successfully.
2025-11-25 19:13:38,072 - binance_bot - INFO - Placing LIMIT SELL order for 0.001 BTCUSDT at 90000.0...
2025-11-25 19:13:38,207 - binance_bot - INFO - Order placed successfully: {'symbol': 'BTCUSDT', 'orderId': 3910155, 'orderListId': -1, 'clientOrderId': 'x-HNA2TXFJa1646723ba543bebac57b2', 'transactTime': 1764078220298, 'price': '90000.00000000', 'origQty': '0.00100000', 'executedQty': '0.00000000', 'origQuoteOrderQty': '0.00000000', 'cummulativeQuoteQty': '0.00000000', 'status': 'NEW', 'timeInForce': 'GTC', 'type': 'LIMIT', 'side': 'SELL', 'workingTime': 1764078220298, 'fills': [], 'selfTradePreventionMode': 'EXPIRE_MAKER'}
2025-11-25 19:16:47,580 - binance_bot - INFO - Binance Client initialized successfully.
2025-11-25 19:16:47,580 - binance_bot - INFO - Placing MARKET BUY order for 0.001 BTCUSDT...
2025-11-25 19:16:47,725 - binance_bot - INFO - Order placed successfully: {'symbol': 'BTCUSDT', 'orderId': 3911217, 'orderListId': -1, 'clientOrderId': 'x-HNA2TXFJ800d71b2b46d7ba87b011c', 'transactTime': 1764078409809, 'price': '0.00000000', 'origQty': '0.00100000', 'executedQty': '0.00100000', 'origQuoteOrderQty': '0.00000000', 'cummulativeQuoteQty': '86.88444000', 'status': 'FILLED', 'timeInForce': 'GTC', 'type': 'MARKET', 'side': 'BUY', 'workingTime': 1764078409809, 'fills': [{'price': '86884.44000000', 'qty': '0.00100000', 'commission': '0.00000000', 'commissionAsset': 'BTC', 'tradeId': 1462340}], 'selfTradePreventionMode': 'EXPIRE_MAKER'}
2025-11-25 19:18:54,529 - binance_bot - INFO - Binance Client initialized successfully.
2025-11-25 19:18:54,530 - binance_bot - INFO - Placing OCO (TP/SL) orders for BTCUSDT SELL...
2025-11-25 19:18:54,676 - binance_bot - ERROR - Binance API Error: APIError(code=-1102): Mandatory parameter 'aboveType' was not sent, was empty/null, or malformed.
2025-11-25 19:19:51,335 - binance_bot - INFO - Binance Client initialized successfully.
2025-11-25 19:20:12,856 - binance_bot - INFO - Binance Client initialized successfully.
2025-11-25 19:20:29,742 - binance_bot - INFO - Binance Client initialized successfully.
2025-11-25 19:20:44,304 - binance_bot - INFO - Binance Client initialized successfully.
2025-11-25 19:21:06,646 - binance_bot - INFO - Binance Client initialized successfully.
2025-11-25 19:22:07,482 - binance_bot - INFO - Placing OCO (TP/SL) orders for BTCUSDT SELL via Raw Request...
2025-11-25 19:22:07,897 - binance_bot - INFO - OCO Order placed successfully: {'orderListId': 239663, 'contingencyType': 'OCO', 'listStatusType': 'EXEC_STARTED', 'listOrderStatus': 'EXECUTING', 'listClientOrderId': 'cPE8HE4PMKQLOxNqBBAzDh', 'transactionTime': 1764078729985, 'symbol': 'BTCUSDT', 'orders': [{'symbol': 'BTCUSDT', 'orderId': 3913054, 'clientOrderId': 'svJ0J3dNjZyzSovcqPMm6g'}, {'symbol': 'BTCUSDT', 'orderId': 3913055, 'clientOrderId': 'mz6aUwB02tn5a0POSO5yrH'}], 'orderReports': [{'symbol': 'BTCUSDT', 'orderId': 3913054, 'orderListId': 239663, 'clientOrderId': 'svJ0J3dNjZyzSovcqPMm6g', 'transactTime': 1764078729985, 'price': '80000.00000000', 'origQty': '0.00100000', 'executedQty': '0.00000000', 'origQuoteOrderQty': '0.00000000', 'cummulativeQuoteQty': '0.00000000', 'status': 'NEW', 'timeInForce': 'GTC', 'type': 'STOP_LOSS_LIMIT', 'side': 'SELL', 'stopPrice': '80000.00000000', 'workingTime': -1, 'selfTradePreventionMode': 'EXPIRE_MAKER'}, {'symbol': 'BTCUSDT', 'orderId': 3913055, 'orderListId': 239663, 'clientOrderId': 'mz6aUwB02tn5a0POSO5yrH', 'transactTime': 1764078729985, 'price': '90000.00000000', 'origQty': '0.00100000', 'executedQty': '0.00000000', 'origQuoteOrderQty': '0.00000000', 'cummulativeQuoteQty': '0.00000000', 'status': 'NEW', 'timeInForce': 'GTC', 'type': 'LIMIT_MAKER', 'side': 'SELL', 'workingTime': 1764078729985, 'selfTradePreventionMode': 'EXPIRE_MAKER'}]}
2025-11-25 19:24:01,107 - binance_bot - INFO - Binance Client initialized successfully.
2025-11-25 19:24:01,107 - binance_bot - INFO - Placing STOP_LIMIT SELL order for 0.001 BTCUSDT at price 90000.0, stop price 89000.0...
2025-11-25 19:24:01,246 - binance_bot - ERROR - Binance API Error: APIError(code=-2010): Stop price would trigger immediately.
2025-11-25 19:24:12,060 - binance_bot - INFO - Binance Client initialized successfully.
2025-11-25 19:24:12,061 - binance_bot - INFO - Placing STOP_LIMIT SELL order for 0.001 BTCUSDT at price 80000.0, stop price 81000.0...
2025-11-25 19:24:12,197 - binance_bot - INFO - Order placed successfully: {'symbol': 'BTCUSDT', 'orderId': 3913813, 'orderListId': -1, 'clientOrderId': 'x-HNA2TXFJbb2b76edbdcfb797b14312', 'transactTime': 1764078854294}
2025-11-25 19:24:21,202 - binance_bot - INFO - Starting TWAP: 0.002 BTCUSDT BUY over 1 min in 2 orders.
2025-11-25 19:24:21,202 - binance_bot - INFO - TWAP Execution 1/2
2025-11-25 19:24:21,644 - binance_bot - INFO - Binance Client initialized successfully.
2025-11-25 19:24:21,645 - binance_bot - INFO - Placing MARKET BUY order for 0.001 BTCUSDT...
2025-11-25 19:24:21,785 - binance_bot - INFO - Order placed successfully: {'symbol': 'BTCUSDT', 'orderId': 3913830, 'orderListId': -1, 'clientOrderId': 'x-HNA2TXFJa7675dca0fb3fc68081078', 'transactTime': 1764078863882, 'price': '0.00000000', 'origQty': '0.00100000', 'executedQty': '0.00100000', 'origQuoteOrderQty': '0.00000000', 'cummulativeQuoteQty': '86.91356000', 'status': 'FILLED', 'timeInForce': 'GTC', 'type': 'MARKET', 'side': 'BUY', 'workingTime': 1764078863882, 'fills': [{'price': '86913.56000000', 'qty': '0.00100000', 'commission': '0.00000000', 'commissionAsset': 'BTC', 'tradeId': 1462853}], 'selfTradePreventionMode': 'EXPIRE_MAKER'}
2025-11-25 19:24:21,785 - binance_bot - INFO - Waiting 30.0 seconds...
2025-11-25 19:24:51,786 - binance_bot - INFO - TWAP Execution 2/2
2025-11-25 19:24:51,786 - binance_bot - INFO - Placing MARKET BUY order for 0.001 BTCUSDT...
2025-11-25 19:24:51,924 - binance_bot - INFO - Order placed successfully: {'symbol': 'BTCUSDT', 'orderId': 3913980, 'orderListId': -1, 'clientOrderId': 'x-HNA2TXFJae5d7e0ce51322c2019835', 'transactTime': 1764078894022, 'price': '0.00000000', 'origQty': '0.00100000', 'executedQty': '0.00100000', 'origQuoteOrderQty': '0.00000000', 'cummulativeQuoteQty': '86.93836000', 'status': 'FILLED', 'timeInForce': 'GTC', 'type': 'MARKET', 'side': 'BUY', 'workingTime': 1764078894022, 'fills': [{'price': '86938.36000000', 'qty': '0.00100000', 'commission': '0.00000000', 'commissionAsset': 'BTC', 'tradeId': 1462882}], 'selfTradePreventionMode': 'EXPIRE_MAKER'}
2025-11-25 19:24:51,924 - binance_bot - INFO - TWAP Execution completed.
2025-11-25 19:25:03,522 - binance_bot - INFO - Binance Client initialized successfully.
2025-11-25 19:25:03,659 - binance_bot - INFO - Starting Grid Strategy for BTCUSDT: Range 80000.0-90000.0, Levels 3, Current Price 86938.36
2025-11-25 19:25:03,659 - binance_bot - INFO - Grid Level 1: Placing BUY Limit at 80000.0
2025-11-25 19:25:03,660 - binance_bot - INFO - Placing LIMIT BUY order for 0.001 BTCUSDT at 80000.0...
2025-11-25 19:25:03,796 - binance_bot - INFO - Order placed successfully: {'symbol': 'BTCUSDT', 'orderId': 3914073, 'orderListId': -1, 'clientOrderId': 'x-HNA2TXFJ899e4039f820c980040458', 'transactTime': 1764078905894, 'price': '80000.00000000', 'origQty': '0.00100000', 'executedQty': '0.00000000', 'origQuoteOrderQty': '0.00000000', 'cummulativeQuoteQty': '0.00000000', 'status': 'NEW', 'timeInForce': 'GTC', 'type': 'LIMIT', 'side': 'BUY', 'workingTime': 1764078905894, 'fills': [], 'selfTradePreventionMode': 'EXPIRE_MAKER'}
2025-11-25 19:25:03,796 - binance_bot - INFO - Grid Level 2: Placing BUY Limit at 85000.0
2025-11-25 19:25:03,796 - binance_bot - INFO - Placing LIMIT BUY order for 0.001 BTCUSDT at 85000.0...
2025-11-25 19:25:03,941 - binance_bot - INFO - Order placed successfully: {'symbol': 'BTCUSDT', 'orderId': 3914074, 'orderListId': -1, 'clientOrderId': 'x-HNA2TXFJ63403a4cab6f3e8c35aff4', 'transactTime': 1764078906032, 'price': '85000.00000000', 'origQty': '0.00100000', 'executedQty': '0.00000000', 'origQuoteOrderQty': '0.00000000', 'cummulativeQuoteQty': '0.00000000', 'status': 'NEW', 'timeInForce': 'GTC', 'type': 'LIMIT', 'side': 'BUY', 'workingTime': 1764078906032, 'fills': [], 'selfTradePreventionMode': 'EXPIRE_MAKER'}
2025-11-25 19:25:03,941 - binance_bot - INFO - Grid Level 3: Placing SELL Limit at 90000.0
2025-11-25 19:25:03,941 - binance_bot - INFO - Placing LIMIT SELL order for 0.001 BTCUSDT at 90000.0...
2025-11-25 19:25:04,079 - binance_bot - INFO - Order placed successfully: {'symbol': 'BTCUSDT', 'orderId': 3914075, 'orderListId': -1, 'clientOrderId': 'x-HNA2TXFJ349de8b3596162d4612bc6', 'transactTime': 1764078906179, 'price': '90000.00000000', 'origQty': '0.00100000', 'executedQty': '0.00000000', 'origQuoteOrderQty': '0.00000000', 'cummulativeQuoteQty': '0.00000000', 'status': 'NEW', 'timeInForce': 'GTC', 'type': 'LIMIT', 'side': 'SELL', 'workingTime': 1764078906179, 'fills': [], 'selfTradePreventionMode': 'EXPIRE_MAKER'}
2025-11-25 19:30:51,414 - binance_bot - INFO - Binance Client initialized successfully.
2025-11-25 19:30:51,415 - binance_bot - INFO - Placing MARKET BUY order for 0.001 BTCUSDT...
2025-11-25 19:30:51,560 - binance_bot - INFO - Order placed successfully: {'symbol': 'BTCUSDT', 'orderId': 3915236, 'orderListId': -1, 'clientOrderId': 'x-HNA2TXFJf4bd03600e1df29f0d9089', 'transactTime': 1764079253654, 'price': '0.00000000', 'origQty': '0.00100000', 'executedQty': '0.00100000', 'origQuoteOrderQty': '0.00000000', 'cummulativeQuoteQty': '87.06455000', 'status': 'FILLED', 'timeInForce': 'GTC', 'type': 'MARKET', 'side': 'BUY', 'workingTime': 1764079253654, 'fills': [{'price': '87064.55000000', 'qty': '0.00100000', 'commission': '0.00000000', 'commissionAsset': 'BTC', 'tradeId': 1462973}], 'selfTradePreventionMode': 'EXPIRE_MAKER'}
2025-11-25 19:31:18,305 - binance_bot - INFO - Placing LIMIT BUY order for 0.001 BTCUSDT at 90064.55...
2025-11-25 19:31:18,442 - binance_bot - INFO - Order placed successfully: {'symbol': 'BTCUSDT', 'orderId': 3915343, 'orderListId': -1, 'clientOrderId': 'x-HNA2TXFJd4c93bc86c47f2cf4c075a', 'transactTime': 1764079280545, 'price': '90064.55000000', 'origQty': '0.00100000', 'executedQty': '0.00100000', 'origQuoteOrderQty': '0.00000000', 'cummulativeQuoteQty': '87.00779000', 'status': 'FILLED', 'timeInForce': 'GTC', 'type': 'LIMIT', 'side': 'BUY', 'workingTime': 1764079280545, 'fills': [{'price': '87007.79000000', 'qty': '0.00100000', 'commission': '0.00000000', 'commissionAsset': 'BTC', 'tradeId': 1463001}], 'selfTradePreventionMode': 'EXPIRE_MAKER'}
2025-11-25 19:31:28,455 - binance_bot - INFO - Placing LIMIT BUY order for 0.001 BTCUSDT at 85064.55...
2025-11-25 19:31:28,592 - binance_bot - INFO - Order placed successfully: {'symbol': 'BTCUSDT', 'orderId': 3915367, 'orderListId': -1, 'clientOrderId': 'x-HNA2TXFJ28c3eab158532d757a05', 'transactTime': 1764079290696, 'price': '85064.55000000', 'origQty': '0.00100000', 'executedQty': '0.00000000', 'origQuoteOrderQty': '0.00000000', 'cummulativeQuoteQty': '0.00000000', 'status': 'NEW', 'timeInForce': 'GTC', 'type': 'LIMIT', 'side': 'BUY', 'workingTime': 1764079290696, 'fills': [], 'selfTradePreventionMode': 'EXPIRE_MAKER'}
2025-11-25 19:32:47,160 - binance_bot - INFO - Binance Client initialized successfully.
2025-11-25 19:32:47,161 - binance_bot - INFO - Placing LIMIT SELL order for 0.001 BTCUSDT at 95000.0...
2025-11-25 19:32:47,305 - binance_bot - INFO - Order placed successfully: {'symbol': 'BTCUSDT', 'orderId': 3915929, 'orderListId': -1, 'clientOrderId': 'x-HNA2TXFJbaa471914c5a56e24233c3', 'transactTime': 1764079369401, 'price': '95000.00000000', 'origQty': '0.00100000', 'executedQty': '0.00000000', 'origQuoteOrderQty': '0.00000000', 'cummulativeQuoteQty': '0.00000000', 'status': 'NEW', 'timeInForce': 'GTC', 'type': 'LIMIT', 'side': 'SELL', 'workingTime': 1764079369401, 'fills': [], 'selfTradePreventionMode': 'EXPIRE_MAKER'}
2025-11-25 19:32:53,152 - binance_bot - INFO - Placing OCO (TP/SL) orders for BTCUSDT SELL via Raw Request...
2025-11-25 19:32:53,548 - binance_bot - INFO - OCO Order placed successfully: {'orderListId': 239750, 'contingencyType': 'OCO', 'listStatusType': 'EXEC_STARTED', 'listOrderStatus': 'EXECUTING', 'listClientOrderId': 'vZXMYsvCB8plJEegVGx1Td', 'transactionTime': 1764079375653, 'symbol': 'BTCUSDT', 'orders': [{'symbol': 'BTCUSDT', 'orderId': 3915960, 'clientOrderId': 'C7lHx0qIcSwFdIcpC9gJP0'}, {'symbol': 'BTCUSDT', 'orderId': 3915961, 'clientOrderId': 'HREUQSbG7TxvSu60nWLNJS'}], 'orderReports': [{'symbol': 'BTCUSDT', 'orderId': 3915960, 'orderListId': 239750, 'clientOrderId': 'C7lHx0qIcSwFdIcpC9gJP0', 'transactTime': 1764079375653, 'price': '85000.00000000', 'origQty': '0.00100000', 'executedQty': '0.00000000', 'origQuoteOrderQty': '0.00000000', 'cummulativeQuoteQty': '0.00000000', 'status': 'NEW', 'timeInForce': 'GTC', 'type': 'STOP_LOSS_LIMIT', 'side': 'SELL', 'stopPrice': '85000.00000000', 'workingTime': -1, 'selfTradePreventionMode': 'EXPIRE_MAKER'}, {'symbol': 'BTCUSDT', 'orderId': 3915961, 'orderListId': 239750, 'clientOrderId': 'HREUQSbG7TxvSu60nWLNJS', 'transactTime': 1764079375653, 'price': '98000.00000000', 'origQty': '0.00100000', 'executedQty': '0.00000000', 'origQuoteOrderQty': '0.00000000', 'cummulativeQuoteQty': '0.00000000', 'status': 'NEW', 'timeInForce': 'GTC', 'type': 'LIMIT_MAKER', 'side': 'SELL', 'workingTime': 1764079375653, 'selfTradePreventionMode': 'EXPIRE_MAKER'}]}
2025-11-25 19:32:58,327 - binance_bot - INFO - Starting TWAP: 0.002 BTCUSDT BUY over 1 min in 2 orders.
2025-11-25 19:32:58,328 - binance_bot - INFO - TWAP Execution 1/2
2025-11-25 19:32:58,745 - binance_bot - INFO - Binance Client initialized successfully.
2025-11-25 19:32:58,745 - binance_bot - INFO - Placing MARKET BUY order for 0.001 BTCUSDT...
2025-11-25 19:32:58,890 - binance_bot - INFO - Order placed successfully: {'symbol': 'BTCUSDT', 'orderId': 3915974, 'orderListId': -1, 'clientOrderId': 'x-HNA2TXFJ62a1ade7a55de69cd18e6c', 'transactTime': 1764079380987, 'price': '0.00000000', 'origQty': '0.00100000', 'executedQty': '0.00100000', 'origQuoteOrderQty': '0.00000000', 'cummulativeQuoteQty': '87.08598000', 'status': 'FILLED', 'timeInForce': 'GTC', 'type': 'MARKET', 'side': 'BUY', 'workingTime': 1764079380987, 'fills': [{'price': '87085.98000000', 'qty': '0.00100000', 'commission': '0.00000000', 'commissionAsset': 'BTC', 'tradeId': 1463177}], 'selfTradePreventionMode': 'EXPIRE_MAKER'}
2025-11-25 19:32:58,891 - binance_bot - INFO - Waiting 30.0 seconds...
2025-11-25 19:33:09,041 - binance_bot - INFO - Binance Client initialized successfully.
2025-11-25 19:33:09,182 - binance_bot - INFO - Starting Grid Strategy for BTCUSDT: Range 80000.0-90000.0, Levels 3, Current Price 87119.98
2025-11-25 19:33:09,182 - binance_bot - INFO - Grid Level 1: Placing BUY Limit at 80000.0
2025-11-25 19:33:09,182 - binance_bot - INFO - Placing LIMIT BUY order for 0.001 BTCUSDT at 80000.0...
2025-11-25 19:33:09,321 - binance_bot - INFO - Order placed successfully: {'symbol': 'BTCUSDT', 'orderId': 3916056, 'orderListId': -1, 'clientOrderId': 'x-HNA2TXFJf13fceba0df20c364656c9', 'transactTime': 1764079391425, 'price': '80000.00000000', 'origQty': '0.00100000', 'executedQty': '0.00000000', 'origQuoteOrderQty': '0.00000000', 'cummulativeQuoteQty': '0.00000000', 'status': 'NEW', 'timeInForce': 'GTC', 'type': 'LIMIT', 'side': 'BUY', 'workingTime': 1764079391425, 'fills': [], 'selfTradePreventionMode': 'EXPIRE_MAKER'}
2025-11-25 19:33:09,322 - binance_bot - INFO - Grid Level 2: Placing BUY Limit at 85000.0
2025-11-25 19:33:09,322 - binance_bot - INFO - Placing LIMIT BUY order for 0.001 BTCUSDT at 85000.0...
2025-11-25 19:33:09,463 - binance_bot - INFO - Order placed successfully: {'symbol': 'BTCUSDT', 'orderId': 3916058, 'orderListId': -1, 'clientOrderId': 'x-HNA2TXFJ9b6f3734e99e7017a5bac', 'transactTime': 1764079391564, 'price': '85000.00000000', 'origQty': '0.00100000', 'executedQty': '0.00000000', 'origQuoteOrderQty': '0.00000000', 'cummulativeQuoteQty': '0.00000000', 'status': 'NEW', 'timeInForce': 'GTC', 'type': 'LIMIT', 'side': 'BUY', 'workingTime': 1764079391564, 'fills': [], 'selfTradePreventionMode': 'EXPIRE_MAKER'}
2025-11-25 19:33:09,464 - binance_bot - INFO - Grid Level 3: Placing SELL Limit at 90000.0
2025-11-25 19:33:09,464 - binance_bot - INFO - Placing LIMIT SELL order for 0.001 BTCUSDT at 90000.0...
2025-11-25 19:33:09,599 - binance_bot - INFO - Order placed successfully: {'symbol': 'BTCUSDT', 'orderId': 3916059, 'orderListId': -1, 'clientOrderId': 'x-HNA2TXFJe0d37eb4857f81ca67408e', 'transactTime': 1764079391703, 'price': '90000.00000000', 'origQty': '0.00100000', 'executedQty': '0.00000000', 'origQuoteOrderQty': '0.00000000', 'cummulativeQuoteQty': '0.00000000', 'status': 'NEW', 'timeInForce': 'GTC', 'type': 'LIMIT', 'side': 'SELL', 'workingTime': 1764079391703, 'fills': [], 'selfTradePreventionMode': 'EXPIRE_MAKER'}
